#
# A fatal error has been detected by the Java Runtime Environment:
#
#  EXCEPTION_ACCESS_VIOLATION (0xc0000005) at pc=0x00007ffeeef4919e, pid=5764, tid=0x00000000000030d0
#
# JRE version: Java(TM) SE Runtime Environment (8.0_151-b12) (build 1.8.0_151-b12)
# Java VM: Java HotSpot(TM) 64-Bit Server VM (25.151-b12 mixed mode windows-amd64 compressed oops)
# Problematic frame:
# C  [d3d9.dll+0x919e]
#
# Failed to write core dump. Minidumps are not enabled by default on client versions of Windows
#
# If you would like to submit a bug report, please visit:
#   http://bugreport.java.com/bugreport/crash.jsp
# The crash happened outside the Java Virtual Machine in native code.
# See problematic frame for where to report the bug.
#

---------------  T H R E A D  ---------------

Current thread (0x000000001fbe6000):  JavaThread "AWT-Windows" daemon [_thread_in_native, id=12496, stack(0x0000000020580000,0x0000000020680000)]

siginfo: ExceptionCode=0xc0000005, reading address 0x0000000026e7a000

Registers:
RAX=0x00007ffeeef5fa40, RBX=0x0000000026e79fc0, RCX=0x0000000026e79fc0, RDX=0x0000000026eb6100
RSP=0x000000002067ee20, RBP=0x000000002067f228, RSI=0x0000000026e79fc0, RDI=0x0000000000000000
R8 =0x0000000020b7bd40, R9 =0x0000000000008000, R10=0xfffffffffffff000, R11=0x000000002067eef0
R12=0x0000000000000000, R13=0x000000001c906b60, R14=0x000000002067f248, R15=0x000000001fbe6000
RIP=0x00007ffeeef4919e, EFLAGS=0x0000000000010202

Top of Stack: (sp=0x000000002067ee20)
0x000000002067ee20:   000000002067ee09 0000000800000002
0x000000002067ee30:   000000002c75f200 000000005d9ed26b
0x000000002067ee40:   00005cfa82ba753e 000000005d7d9d18
0x000000002067ee50:   fffffffffffffffe 000000001fbe6000
0x000000002067ee60:   0000000026e536a8 00007ffeeef5fa82
0x000000002067ee70:   000000003a000a30 000000001fbe61f8
0x000000002067ee80:   0000000020022b48 000000001fbe6000
0x000000002067ee90:   0000000026e536a8 00007ffeeef557a3
0x000000002067eea0:   0000000000000001 0000000000000000
0x000000002067eeb0:   000000000255f295 000000001fbe6000
0x000000002067eec0:   0000000026c32fc0 00007ffeeef4b3ed
0x000000002067eed0:   000000000000000e 0000000000000000
0x000000002067eee0:   000000001fbe6000 0000000000000000
0x000000002067eef0:   000000001fbe6000 000000001fbeef90
0x000000002067ef00:   0000000000000040 fffffffffffffffe
0x000000002067ef10:   0000000026c2eea0 0000000000000001 

Instructions: (pc=0x00007ffeeef4919e)
0x00007ffeeef4917e:   c4 88 00 00 00 c3 8b 44 24 50 eb f2 cc cc 40 53
0x00007ffeeef4918e:   48 83 ec 40 48 c7 44 24 30 fe ff ff ff 48 8b d9
0x00007ffeeef4919e:   83 79 40 08 0f 8c ee 81 04 00 48 83 c4 40 5b c3
0x00007ffeeef491ae:   eb f8 48 89 4c 24 08 57 48 83 ec 30 48 c7 44 24 


Register to memory mapping:

RAX=0x00007ffeeef5fa40 is an unknown value
RBX=0x0000000026e79fc0 is an unknown value
RCX=0x0000000026e79fc0 is an unknown value
RDX=0x0000000026eb6100 is an unknown value
RSP=0x000000002067ee20 is pointing into the stack for thread: 0x000000001fbe6000
RBP=0x000000002067f228 is pointing into the stack for thread: 0x000000001fbe6000
RSI=0x0000000026e79fc0 is an unknown value
RDI=0x0000000000000000 is an unknown value
R8 =0x0000000020b7bd40 is an unknown value
R9 =0x0000000000008000 is an unknown value
R10=0xfffffffffffff000 is an unknown value
R11=0x000000002067eef0 is pointing into the stack for thread: 0x000000001fbe6000
R12=0x0000000000000000 is an unknown value
R13={method} {0x000000001c906b68} 'eventLoop' '()V' in 'sun/awt/windows/WToolkit'
R14=0x000000002067f248 is pointing into the stack for thread: 0x000000001fbe6000
R15=0x000000001fbe6000 is a thread


Stack: [0x0000000020580000,0x0000000020680000],  sp=0x000000002067ee20,  free space=1019k
Native frames: (J=compiled Java code, j=interpreted, Vv=VM code, C=native code)
C  [d3d9.dll+0x919e]
C  [d3d9.dll+0x1fa82]
C  [d3d9.dll+0x157a3]
C  [d3d9.dll+0xb3ed]
C  [d3d9.dll+0xfd67]
C  [d3d9.dll+0xfe12]
C  [d3d9.dll+0x1027e]
C  [d3d9.dll+0x216ea]
C  [awt.dll+0x19c37]
C  [awt.dll+0x15906]
C  [awt.dll+0x1d577]
C  [awt.dll+0x1f2e9]
C  [awt.dll+0xcbc1d]
C  [awt.dll+0xcc141]
C  [awt.dll+0xcc5e7]
C  0x00000000032a7f74

Java frames: (J=compiled Java code, j=interpreted, Vv=VM code)
j  sun.awt.windows.WToolkit.eventLoop()V+0
j  sun.awt.windows.WToolkit.run()V+58
j  java.lang.Thread.run()V+11
v  ~StubRoutines::call_stub

---------------  P R O C E S S  ---------------

Java Threads: ( => current thread )
  0x000000002b89a800 JavaThread "Thread-0" daemon [_thread_in_native, id=1520, stack(0x000000002e9f0000,0x000000002eaf0000)]
  0x000000001fc73800 JavaThread "AWT-EventQueue-0" [_thread_blocked, id=6176, stack(0x0000000026fd0000,0x00000000270d0000)]
=>0x000000001fbe6000 JavaThread "AWT-Windows" daemon [_thread_in_native, id=12496, stack(0x0000000020580000,0x0000000020680000)]
  0x000000001fbdf800 JavaThread "AWT-Shutdown" [_thread_blocked, id=10456, stack(0x0000000020480000,0x0000000020580000)]
  0x000000001fb92800 JavaThread "Java2D Disposer" daemon [_thread_blocked, id=12948, stack(0x0000000020280000,0x0000000020380000)]
  0x000000001ecb3000 JavaThread "Service Thread" daemon [_thread_blocked, id=5936, stack(0x000000001f7a0000,0x000000001f8a0000)]
  0x000000001ec9b800 JavaThread "C1 CompilerThread3" daemon [_thread_blocked, id=14108, stack(0x000000001f6a0000,0x000000001f7a0000)]
  0x000000001ec99800 JavaThread "C2 CompilerThread2" daemon [_thread_blocked, id=3824, stack(0x000000001f5a0000,0x000000001f6a0000)]
  0x000000001ec97800 JavaThread "C2 CompilerThread1" daemon [_thread_blocked, id=10600, stack(0x000000001f4a0000,0x000000001f5a0000)]
  0x000000001ec92000 JavaThread "C2 CompilerThread0" daemon [_thread_blocked, id=6840, stack(0x000000001f3a0000,0x000000001f4a0000)]
  0x000000001ec8f800 JavaThread "Attach Listener" daemon [_thread_blocked, id=12204, stack(0x000000001f2a0000,0x000000001f3a0000)]
  0x000000001ec4d000 JavaThread "Signal Dispatcher" daemon [_thread_blocked, id=14300, stack(0x000000001f1a0000,0x000000001f2a0000)]
  0x000000000328e000 JavaThread "Finalizer" daemon [_thread_blocked, id=10048, stack(0x000000001f010000,0x000000001f110000)]
  0x0000000003287000 JavaThread "Reference Handler" daemon [_thread_blocked, id=4816, stack(0x000000001eb10000,0x000000001ec10000)]
  0x0000000003191000 JavaThread "main" [_thread_in_native, id=15940, stack(0x0000000003020000,0x0000000003120000)]

Other Threads:
  0x000000001cd39000 VMThread [stack: 0x000000001ea10000,0x000000001eb10000] [id=2196]
  0x000000001ecb8000 WatcherThread [stack: 0x000000001f8a0000,0x000000001f9a0000] [id=10972]

VM state:not at safepoint (normal execution)

VM Mutex/Monitor currently owned by a thread: None

Heap:
 PSYoungGen      total 33280K, used 19781K [0x000000076af00000, 0x000000076d280000, 0x00000007c0000000)
  eden space 30208K, 64% used [0x000000076af00000,0x000000076c219430,0x000000076cc80000)
  from space 3072K, 7% used [0x000000076cc80000,0x000000076ccb8000,0x000000076cf80000)
  to   space 3072K, 0% used [0x000000076cf80000,0x000000076cf80000,0x000000076d280000)
 ParOldGen       total 175104K, used 62629K [0x00000006c0c00000, 0x00000006cb700000, 0x000000076af00000)
  object space 175104K, 35% used [0x00000006c0c00000,0x00000006c49294f8,0x00000006cb700000)
 Metaspace       used 11753K, capacity 11988K, committed 12160K, reserved 1060864K
  class space    used 1298K, capacity 1391K, committed 1408K, reserved 1048576K

Card table byte_map: [0x0000000012650000,0x0000000012e50000] byte_map_base: 0x000000000f04a000

Marking Bits: (ParMarkBitMap*) 0x000000005e16d850
 Begin Bits: [0x0000000013bb0000, 0x0000000017b80000)
 End Bits:   [0x0000000017b80000, 0x000000001bb50000)

Polling page: 0x0000000002c40000

CodeCache: size=245760Kb used=4845Kb max_used=6463Kb free=240914Kb
 bounds [0x0000000003290000, 0x0000000003920000, 0x0000000012290000]
 total_blobs=1754 nmethods=1260 adapters=407
 compilation: enabled

Compilation events (10 events):
Event: 199.645 Thread 0x000000001ec9b800 1556       3       java.awt.event.InputEvent::<init> (26 bytes)
Event: 199.645 Thread 0x000000001ec9b800 nmethod 1556 0x00000000033e5ed0 code [0x00000000033e6040, 0x00000000033e6298]
Event: 199.645 Thread 0x000000001ec9b800 1557       3       sun.awt.windows.WInputMethod::dispatchEvent (66 bytes)
Event: 199.645 Thread 0x000000001ec9b800 nmethod 1557 0x00000000036c1290 code [0x00000000036c1440, 0x00000000036c1cf8]
Event: 199.651 Thread 0x000000001ec9b800 1558       3       java.awt.event.InvocationEvent::<init> (13 bytes)
Event: 199.651 Thread 0x000000001ec9b800 nmethod 1558 0x00000000033c02d0 code [0x00000000033c0440, 0x00000000033c05e8]
Event: 205.173 Thread 0x000000001ec9b800 1559       3       sun.java2d.d3d.D3DSurfaceData::setSurfaceLost (29 bytes)
Event: 205.173 Thread 0x000000001ec9b800 nmethod 1559 0x000000000343bd50 code [0x000000000343bee0, 0x000000000343c318]
Event: 205.173 Thread 0x000000001ec9b800 1560       3       sun.java2d.SurfaceData::setSurfaceLost (13 bytes)
Event: 205.173 Thread 0x000000001ec9b800 nmethod 1560 0x000000000350b8d0 code [0x000000000350ba40, 0x000000000350bc90]

GC Heap History (10 events):
Event: 198.343 GC heap before
{Heap before GC invocations=89 (full 0):
 PSYoungGen      total 33280K, used 32864K [0x000000076af00000, 0x000000076d400000, 0x00000007c0000000)
  eden space 30208K, 100% used [0x000000076af00000,0x000000076cc80000,0x000000076cc80000)
  from space 3072K, 86% used [0x000000076d000000,0x000000076d298080,0x000000076d300000)
  to   space 3584K, 0% used [0x000000076cc80000,0x000000076cc80000,0x000000076d000000)
 ParOldGen       total 175104K, used 59745K [0x00000006c0c00000, 0x00000006cb700000, 0x000000076af00000)
  object space 175104K, 34% used [0x00000006c0c00000,0x00000006c4658468,0x00000006cb700000)
 Metaspace       used 11720K, capacity 11988K, committed 12160K, reserved 1060864K
  class space    used 1296K, capacity 1391K, committed 1408K, reserved 1048576K
Event: 198.344 GC heap after
Heap after GC invocations=89 (full 0):
 PSYoungGen      total 33792K, used 224K [0x000000076af00000, 0x000000076d380000, 0x00000007c0000000)
  eden space 30208K, 0% used [0x000000076af00000,0x000000076af00000,0x000000076cc80000)
  from space 3584K, 6% used [0x000000076cc80000,0x000000076ccb8000,0x000000076d000000)
  to   space 3584K, 0% used [0x000000076d000000,0x000000076d000000,0x000000076d380000)
 ParOldGen       total 175104K, used 62573K [0x00000006c0c00000, 0x00000006cb700000, 0x000000076af00000)
  object space 175104K, 35% used [0x00000006c0c00000,0x00000006c491b4f8,0x00000006cb700000)
 Metaspace       used 11720K, capacity 11988K, committed 12160K, reserved 1060864K
  class space    used 1296K, capacity 1391K, committed 1408K, reserved 1048576K
}
Event: 199.845 GC heap before
{Heap before GC invocations=90 (full 0):
 PSYoungGen      total 33792K, used 30432K [0x000000076af00000, 0x000000076d380000, 0x00000007c0000000)
  eden space 30208K, 100% used [0x000000076af00000,0x000000076cc80000,0x000000076cc80000)
  from space 3584K, 6% used [0x000000076cc80000,0x000000076ccb8000,0x000000076d000000)
  to   space 3584K, 0% used [0x000000076d000000,0x000000076d000000,0x000000076d380000)
 ParOldGen       total 175104K, used 62573K [0x00000006c0c00000, 0x00000006cb700000, 0x000000076af00000)
  object space 175104K, 35% used [0x00000006c0c00000,0x00000006c491b4f8,0x00000006cb700000)
 Metaspace       used 11742K, capacity 11988K, committed 12160K, reserved 1060864K
  class space    used 1296K, capacity 1391K, committed 1408K, reserved 1048576K
Event: 199.846 GC heap after
Heap after GC invocations=90 (full 0):
 PSYoungGen      total 32768K, used 224K [0x000000076af00000, 0x000000076d280000, 0x00000007c0000000)
  eden space 30208K, 0% used [0x000000076af00000,0x000000076af00000,0x000000076cc80000)
  from space 2560K, 8% used [0x000000076d000000,0x000000076d038000,0x000000076d280000)
  to   space 3072K, 0% used [0x000000076cc80000,0x000000076cc80000,0x000000076cf80000)
 ParOldGen       total 175104K, used 62605K [0x00000006c0c00000, 0x00000006cb700000, 0x000000076af00000)
  object space 175104K, 35% used [0x00000006c0c00000,0x00000006c49234f8,0x00000006cb700000)
 Metaspace       used 11742K, capacity 11988K, committed 12160K, reserved 1060864K
  class space    used 1296K, capacity 1391K, committed 1408K, reserved 1048576K
}
Event: 201.311 GC heap before
{Heap before GC invocations=91 (full 0):
 PSYoungGen      total 32768K, used 30432K [0x000000076af00000, 0x000000076d280000, 0x00000007c0000000)
  eden space 30208K, 100% used [0x000000076af00000,0x000000076cc80000,0x000000076cc80000)
  from space 2560K, 8% used [0x000000076d000000,0x000000076d038000,0x000000076d280000)
  to   space 3072K, 0% used [0x000000076cc80000,0x000000076cc80000,0x000000076cf80000)
 ParOldGen       total 175104K, used 62605K [0x00000006c0c00000, 0x00000006cb700000, 0x000000076af00000)
  object space 175104K, 35% used [0x00000006c0c00000,0x00000006c49234f8,0x00000006cb700000)
 Metaspace       used 11742K, capacity 11988K, committed 12160K, reserved 1060864K
  class space    used 1296K, capacity 1391K, committed 1408K, reserved 1048576K
Event: 201.312 GC heap after
Heap after GC invocations=91 (full 0):
 PSYoungGen      total 33280K, used 128K [0x000000076af00000, 0x000000076d280000, 0x00000007c0000000)
  eden space 30208K, 0% used [0x000000076af00000,0x000000076af00000,0x000000076cc80000)
  from space 3072K, 4% used [0x000000076cc80000,0x000000076cca0000,0x000000076cf80000)
  to   space 3072K, 0% used [0x000000076cf80000,0x000000076cf80000,0x000000076d280000)
 ParOldGen       total 175104K, used 62629K [0x00000006c0c00000, 0x00000006cb700000, 0x000000076af00000)
  object space 175104K, 35% used [0x00000006c0c00000,0x00000006c49294f8,0x00000006cb700000)
 Metaspace       used 11742K, capacity 11988K, committed 12160K, reserved 1060864K
  class space    used 1296K, capacity 1391K, committed 1408K, reserved 1048576K
}
Event: 202.782 GC heap before
{Heap before GC invocations=92 (full 0):
 PSYoungGen      total 33280K, used 30336K [0x000000076af00000, 0x000000076d280000, 0x00000007c0000000)
  eden space 30208K, 100% used [0x000000076af00000,0x000000076cc80000,0x000000076cc80000)
  from space 3072K, 4% used [0x000000076cc80000,0x000000076cca0000,0x000000076cf80000)
  to   space 3072K, 0% used [0x000000076cf80000,0x000000076cf80000,0x000000076d280000)
 ParOldGen       total 175104K, used 62629K [0x00000006c0c00000, 0x00000006cb700000, 0x000000076af00000)
  object space 175104K, 35% used [0x00000006c0c00000,0x00000006c49294f8,0x00000006cb700000)
 Metaspace       used 11742K, capacity 11988K, committed 12160K, reserved 1060864K
  class space    used 1296K, capacity 1391K, committed 1408K, reserved 1048576K
Event: 202.783 GC heap after
Heap after GC invocations=92 (full 0):
 PSYoungGen      total 33280K, used 160K [0x000000076af00000, 0x000000076d280000, 0x00000007c0000000)
  eden space 30208K, 0% used [0x000000076af00000,0x000000076af00000,0x000000076cc80000)
  from space 3072K, 5% used [0x000000076cf80000,0x000000076cfa8000,0x000000076d280000)
  to   space 3072K, 0% used [0x000000076cc80000,0x000000076cc80000,0x000000076cf80000)
 ParOldGen       total 175104K, used 62629K [0x00000006c0c00000, 0x00000006cb700000, 0x000000076af00000)
  object space 175104K, 35% used [0x00000006c0c00000,0x00000006c49294f8,0x00000006cb700000)
 Metaspace       used 11742K, capacity 11988K, committed 12160K, reserved 1060864K
  class space    used 1296K, capacity 1391K, committed 1408K, reserved 1048576K
}
Event: 204.261 GC heap before
{Heap before GC invocations=93 (full 0):
 PSYoungGen      total 33280K, used 30368K [0x000000076af00000, 0x000000076d280000, 0x00000007c0000000)
  eden space 30208K, 100% used [0x000000076af00000,0x000000076cc80000,0x000000076cc80000)
  from space 3072K, 5% used [0x000000076cf80000,0x000000076cfa8000,0x000000076d280000)
  to   space 3072K, 0% used [0x000000076cc80000,0x000000076cc80000,0x000000076cf80000)
 ParOldGen       total 175104K, used 62629K [0x00000006c0c00000, 0x00000006cb700000, 0x000000076af00000)
  object space 175104K, 35% used [0x00000006c0c00000,0x00000006c49294f8,0x00000006cb700000)
 Metaspace       used 11742K, capacity 11988K, committed 12160K, reserved 1060864K
  class space    used 1296K, capacity 1391K, committed 1408K, reserved 1048576K
Event: 204.262 GC heap after
Heap after GC invocations=93 (full 0):
 PSYoungGen      total 33280K, used 224K [0x000000076af00000, 0x000000076d280000, 0x00000007c0000000)
  eden space 30208K, 0% used [0x000000076af00000,0x000000076af00000,0x000000076cc80000)
  from space 3072K, 7% used [0x000000076cc80000,0x000000076ccb8000,0x000000076cf80000)
  to   space 3072K, 0% used [0x000000076cf80000,0x000000076cf80000,0x000000076d280000)
 ParOldGen       total 175104K, used 62629K [0x00000006c0c00000, 0x00000006cb700000, 0x000000076af00000)
  object space 175104K, 35% used [0x00000006c0c00000,0x00000006c49294f8,0x00000006cb700000)
 Metaspace       used 11742K, capacity 11988K, committed 12160K, reserved 1060864K
  class space    used 1296K, capacity 1391K, committed 1408K, reserved 1048576K
}

Deoptimization events (10 events):
Event: 167.930 Thread 0x000000001fc73800 Uncommon trap: reason=unstable_if action=reinterpret pc=0x00000000037f0d88 method=sun.java2d.d3d.D3DSurfaceData.getBounds()Ljava/awt/Rectangle; @ 13
Event: 167.930 Thread 0x000000001fc73800 Uncommon trap: reason=unstable_if action=reinterpret pc=0x00000000036de078 method=sun.java2d.SunGraphics2D.setColor(Ljava/awt/Color;)V @ 42
Event: 167.931 Thread 0x0000000003191000 Uncommon trap: reason=unstable_if action=reinterpret pc=0x0000000003572edc method=java.util.concurrent.locks.AbstractQueuedSynchronizer.release(I)Z @ 21
Event: 167.931 Thread 0x0000000003191000 Uncommon trap: reason=unstable_if action=reinterpret pc=0x00000000035709c0 method=java.util.concurrent.locks.AbstractQueuedSynchronizer.release(I)Z @ 21
Event: 167.934 Thread 0x0000000003191000 Uncommon trap: reason=unstable_if action=reinterpret pc=0x0000000003562cac method=sun.java2d.SunGraphics2D.getCompClip()Lsun/java2d/pipe/Region; @ 7
Event: 167.938 Thread 0x000000001fc73800 Uncommon trap: reason=unstable_if action=reinterpret pc=0x0000000003599cd0 method=java.util.IdentityHashMap.isEmpty()Z @ 4
Event: 169.685 Thread 0x000000001fce1000 Uncommon trap: reason=unstable_if action=reinterpret pc=0x00000000038a2c44 method=sun.java2d.d3d.D3DSurfaceData$D3DWindowSurfaceData.isDirty()Z @ 9
Event: 169.687 Thread 0x0000000003191000 Uncommon trap: reason=unstable_if action=reinterpret pc=0x0000000003575f70 method=sun.java2d.SunGraphics2D.getCompClip()Lsun/java2d/pipe/Region; @ 7
Event: 171.196 Thread 0x000000001fce1000 Uncommon trap: reason=unstable_if action=reinterpret pc=0x000000000387ee20 method=sun.java2d.d3d.D3DScreenUpdateManager.run()V @ 21
Event: 171.845 Thread 0x0000000003191000 Uncommon trap: reason=unstable_if action=reinterpret pc=0x00000000038bf238 method=sun.java2d.pipe.BufferedContext.validate(Lsun/java2d/pipe/hw/AccelSurface;Lsun/java2d/pipe/hw/AccelSurface;Lsun/java2d/pipe/Region;Ljava/awt/Composite;Ljava/awt/geom/AffineT

Internal exceptions (10 events):
Event: 0.083 Thread 0x0000000003191000 Exception <a 'java/security/PrivilegedActionException'> (0x000000076b017d78) thrown at [C:\re\workspace\8-2-build-windows-amd64-cygwin\jdk8u151\9699\hotspot\src\share\vm\prims\jvm.cpp, line 1390]
Event: 0.083 Thread 0x0000000003191000 Exception <a 'java/security/PrivilegedActionException'> (0x000000076b018170) thrown at [C:\re\workspace\8-2-build-windows-amd64-cygwin\jdk8u151\9699\hotspot\src\share\vm\prims\jvm.cpp, line 1390]
Event: 0.114 Thread 0x0000000003191000 Exception <a 'java/io/FileNotFoundException'> (0x000000076b212790) thrown at [C:\re\workspace\8-2-build-windows-amd64-cygwin\jdk8u151\9699\hotspot\src\share\vm\prims\jni.cpp, line 709]
Event: 0.135 Thread 0x0000000003191000 Exception <a 'java/lang/NoSuchFieldError': method resolution failed> (0x000000076b2df708) thrown at [C:\re\workspace\8-2-build-windows-amd64-cygwin\jdk8u151\9699\hotspot\src\share\vm\prims\methodHandles.cpp, line 1146]
Event: 0.136 Thread 0x0000000003191000 Exception <a 'java/lang/NoSuchFieldError': method resolution failed> (0x000000076b2ecad8) thrown at [C:\re\workspace\8-2-build-windows-amd64-cygwin\jdk8u151\9699\hotspot\src\share\vm\prims\methodHandles.cpp, line 1146]
Event: 0.161 Thread 0x0000000003191000 Exception <a 'java/io/FileNotFoundException'> (0x000000076b3d3368) thrown at [C:\re\workspace\8-2-build-windows-amd64-cygwin\jdk8u151\9699\hotspot\src\share\vm\prims\jni.cpp, line 709]
Event: 0.395 Thread 0x0000000003191000 Exception <a 'java/io/FileNotFoundException'> (0x000000076c0f95b8) thrown at [C:\re\workspace\8-2-build-windows-amd64-cygwin\jdk8u151\9699\hotspot\src\share\vm\prims\jni.cpp, line 709]
Event: 0.395 Thread 0x0000000003191000 Exception <a 'java/lang/NullPointerException'> (0x000000076c0f9c68) thrown at [C:\re\workspace\8-2-build-windows-amd64-cygwin\jdk8u151\9699\hotspot\src\share\vm\interpreter\linkResolver.cpp, line 1183]
Event: 2.813 Thread 0x0000000003191000 Implicit null exception at 0x0000000003696ff2 to 0x0000000003697efd
Event: 156.994 Thread 0x0000000003191000 Implicit null exception at 0x00000000037da3fd to 0x00000000037dbf85

Events (10 events):
Event: 205.171 Thread 0x000000001fef3800 Thread added: 0x000000001fef3800
Event: 205.172 loading class java/util/WeakHashMap$KeyIterator
Event: 205.172 Thread 0x000000001fef3800 Thread exited: 0x000000001fef3800
Event: 205.172 loading class java/util/WeakHashMap$HashIterator
Event: 205.172 loading class java/util/WeakHashMap$HashIterator done
Event: 205.172 loading class java/util/WeakHashMap$KeyIterator done
Event: 205.172 Thread 0x000000001ee4f800 Thread exited: 0x000000001ee4f800
Event: 205.172 Thread 0x000000001fce1000 Thread exited: 0x000000001fce1000
Event: 205.172 loading class sun/java2d/pipe/hw/AccelDeviceEventNotifier
Event: 205.173 loading class sun/java2d/pipe/hw/AccelDeviceEventNotifier done


Dynamic libraries:
0x00007ff6bd500000 - 0x00007ff6bd537000 	C:\Program Files\Java\jdk1.8.0_151\bin\java.exe
0x00007fff1d920000 - 0x00007fff1db01000 	C:\WINDOWS\SYSTEM32\ntdll.dll
0x00007fff1adb0000 - 0x00007fff1ae62000 	C:\WINDOWS\System32\KERNEL32.DLL
0x00007fff19cf0000 - 0x00007fff19f63000 	C:\WINDOWS\System32\KERNELBASE.dll
0x00007fff1b1e0000 - 0x00007fff1b281000 	C:\WINDOWS\System32\ADVAPI32.dll
0x00007fff1ae70000 - 0x00007fff1af0e000 	C:\WINDOWS\System32\msvcrt.dll
0x00007fff1d500000 - 0x00007fff1d55b000 	C:\WINDOWS\System32\sechost.dll
0x00007fff1b660000 - 0x00007fff1b784000 	C:\WINDOWS\System32\RPCRT4.dll
0x00007fff1d560000 - 0x00007fff1d6f0000 	C:\WINDOWS\System32\USER32.dll
0x00007fff1acf0000 - 0x00007fff1ad10000 	C:\WINDOWS\System32\win32u.dll
0x00007fff1b0e0000 - 0x00007fff1b108000 	C:\WINDOWS\System32\GDI32.dll
0x00007fff1a780000 - 0x00007fff1a912000 	C:\WINDOWS\System32\gdi32full.dll
0x00007fff1ad10000 - 0x00007fff1adaf000 	C:\WINDOWS\System32\msvcp_win.dll
0x00007fff1a680000 - 0x00007fff1a77a000 	C:\WINDOWS\System32\ucrtbase.dll
0x00007fff08590000 - 0x00007fff087f9000 	C:\WINDOWS\WinSxS\amd64_microsoft.windows.common-controls_6595b64144ccf1df_6.0.17134.285_none_fb4297e330656775\COMCTL32.dll
0x00007fff1b290000 - 0x00007fff1b5b3000 	C:\WINDOWS\System32\combase.dll
0x00007fff1a920000 - 0x00007fff1a99a000 	C:\WINDOWS\System32\bcryptPrimitives.dll
0x00007fff1b630000 - 0x00007fff1b65d000 	C:\WINDOWS\System32\IMM32.DLL
0x000000005e470000 - 0x000000005e542000 	C:\Program Files\Java\jdk1.8.0_151\jre\bin\msvcr100.dll
0x000000005d950000 - 0x000000005e1ed000 	C:\Program Files\Java\jdk1.8.0_151\jre\bin\server\jvm.dll
0x00007fff1d470000 - 0x00007fff1d478000 	C:\WINDOWS\System32\PSAPI.DLL
0x00007fff13ee0000 - 0x00007fff13ee9000 	C:\WINDOWS\SYSTEM32\WSOCK32.dll
0x00007fff15070000 - 0x00007fff1507a000 	C:\WINDOWS\SYSTEM32\VERSION.dll
0x00007fff0d7b0000 - 0x00007fff0d7d3000 	C:\WINDOWS\SYSTEM32\WINMM.dll
0x00007fff1cfb0000 - 0x00007fff1d01c000 	C:\WINDOWS\System32\WS2_32.dll
0x00007fff0d780000 - 0x00007fff0d7aa000 	C:\WINDOWS\SYSTEM32\WINMMBASE.dll
0x00007fff1aa50000 - 0x00007fff1aa99000 	C:\WINDOWS\System32\cfgmgr32.dll
0x000000005e460000 - 0x000000005e46f000 	C:\Program Files\Java\jdk1.8.0_151\jre\bin\verify.dll
0x000000005d8e0000 - 0x000000005d909000 	C:\Program Files\Java\jdk1.8.0_151\jre\bin\java.dll
0x000000005d8c0000 - 0x000000005d8d6000 	C:\Program Files\Java\jdk1.8.0_151\jre\bin\zip.dll
0x00007fff1b790000 - 0x00007fff1cbd0000 	C:\WINDOWS\System32\SHELL32.dll
0x00007fff1b130000 - 0x00007fff1b1d9000 	C:\WINDOWS\System32\shcore.dll
0x00007fff19f70000 - 0x00007fff1a67d000 	C:\WINDOWS\System32\windows.storage.dll
0x00007fff1af10000 - 0x00007fff1af61000 	C:\WINDOWS\System32\shlwapi.dll
0x00007fff19cb0000 - 0x00007fff19cc1000 	C:\WINDOWS\System32\kernel.appcore.dll
0x00007fff19c90000 - 0x00007fff19caf000 	C:\WINDOWS\System32\profapi.dll
0x00007fff19c40000 - 0x00007fff19c8c000 	C:\WINDOWS\System32\powrprof.dll
0x00007fff19c30000 - 0x00007fff19c3a000 	C:\WINDOWS\System32\FLTLIB.DLL
0x000000005d6e0000 - 0x000000005d878000 	C:\Program Files\Java\jdk1.8.0_151\jre\bin\awt.dll
0x00007fff1cdf0000 - 0x00007fff1ceb2000 	C:\WINDOWS\System32\OLEAUT32.dll
0x00007fff17ea0000 - 0x00007fff17f2b000 	C:\WINDOWS\SYSTEM32\apphelp.dll
0x00007fff183c0000 - 0x00007fff183e9000 	C:\WINDOWS\system32\DWMAPI.DLL
0x00007fff180e0000 - 0x00007fff18178000 	C:\WINDOWS\system32\uxtheme.dll
0x00007ffef1c60000 - 0x00007ffef1d80000 	C:\WINDOWS\system32\opengl32.dll
0x00007fff06260000 - 0x00007fff0628c000 	C:\WINDOWS\SYSTEM32\GLU32.dll
0x00007fff1cbd0000 - 0x00007fff1cd45000 	C:\WINDOWS\System32\MSCTF.dll
0x00007fff1af70000 - 0x00007fff1b0c1000 	C:\WINDOWS\System32\ole32.dll
0x00007ffeeef40000 - 0x00007ffeef0d7000 	C:\WINDOWS\system32\d3d9.dll
0x00007fff0bf60000 - 0x00007fff0c04a000 	C:\WINDOWS\System32\DriverStore\FileRepository\nv_ref_pubwu.inf_amd64_2e7fa54192fe16d0\nvldumdx.dll
0x00007fff1aaa0000 - 0x00007fff1ac82000 	C:\WINDOWS\System32\crypt32.dll
0x00007fff19cd0000 - 0x00007fff19ce2000 	C:\WINDOWS\System32\MSASN1.dll
0x00007fff19660000 - 0x00007fff19677000 	C:\WINDOWS\SYSTEM32\CRYPTSP.dll
0x00007fff19090000 - 0x00007fff190c3000 	C:\WINDOWS\system32\rsaenh.dll
0x00007fff19790000 - 0x00007fff197b5000 	C:\WINDOWS\SYSTEM32\bcrypt.dll
0x00007fff19680000 - 0x00007fff1968b000 	C:\WINDOWS\SYSTEM32\CRYPTBASE.dll
0x00007ffee5f20000 - 0x00007ffee70f6000 	C:\WINDOWS\System32\DriverStore\FileRepository\nv_ref_pubwu.inf_amd64_2e7fa54192fe16d0\nvd3dumx.dll
0x00007fff083a0000 - 0x00007fff08577000 	C:\WINDOWS\system32\nvspcap64.dll
0x00007fff1d020000 - 0x00007fff1d46b000 	C:\WINDOWS\System32\SETUPAPI.dll
0x00007fff158a0000 - 0x00007fff1597c000 	C:\WINDOWS\SYSTEM32\WINHTTP.dll
0x00007fff167a0000 - 0x00007fff167b3000 	C:\WINDOWS\SYSTEM32\WTSAPI32.dll
0x00007fff0a960000 - 0x00007fff0ade0000 	C:\WINDOWS\system32\nvapi64.dll
0x00007fff189f0000 - 0x00007fff18aab000 	C:\WINDOWS\SYSTEM32\dxgi.dll
0x00007fff082b0000 - 0x00007fff0839b000 	C:\Program Files (x86)\NVIDIA Corporation\3D Vision\nvSCPAPI64.dll
0x00007fff19b60000 - 0x00007fff19b88000 	C:\WINDOWS\SYSTEM32\USERENV.dll
0x000000005d8a0000 - 0x000000005d8ba000 	C:\Program Files\Java\jdk1.8.0_151\jre\bin\net.dll
0x00007fff194b0000 - 0x00007fff19516000 	C:\WINDOWS\system32\mswsock.dll
0x00007fff19230000 - 0x00007fff19268000 	C:\WINDOWS\SYSTEM32\IPHLPAPI.DLL
0x00007fff1b620000 - 0x00007fff1b628000 	C:\WINDOWS\System32\NSI.dll
0x00007fff151c0000 - 0x00007fff151d6000 	C:\WINDOWS\SYSTEM32\dhcpcsvc6.DLL
0x00007fff151a0000 - 0x00007fff151ba000 	C:\WINDOWS\SYSTEM32\dhcpcsvc.DLL
0x000000005d880000 - 0x000000005d891000 	C:\Program Files\Java\jdk1.8.0_151\jre\bin\nio.dll
0x000000005d690000 - 0x000000005d6d7000 	C:\Program Files\Java\jdk1.8.0_151\jre\bin\fontmanager.dll
0x00007fff0c0c0000 - 0x00007fff0c157000 	C:\WINDOWS\System32\TextInputFramework.dll
0x00007fff0c330000 - 0x00007fff0c64e000 	C:\WINDOWS\System32\CoreUIComponents.dll
0x00007fff17c70000 - 0x00007fff17d4a000 	C:\WINDOWS\System32\CoreMessaging.dll
0x00007fff18d20000 - 0x00007fff18d51000 	C:\WINDOWS\SYSTEM32\ntmarta.dll
0x00007fff159c0000 - 0x00007fff15b0d000 	C:\WINDOWS\SYSTEM32\wintypes.dll
0x00007fff1cd50000 - 0x00007fff1cdf0000 	C:\WINDOWS\System32\clbcatq.dll
0x00007fff06ee0000 - 0x00007fff071a2000 	C:\Windows\System32\IME\IMEJP\imjptip.dll
0x00007fff13f90000 - 0x00007fff14144000 	C:\WINDOWS\SYSTEM32\PROPSYS.dll
0x00007fff10830000 - 0x00007fff10ad5000 	C:\WINDOWS\SYSTEM32\iertutil.dll
0x00007fff0cb60000 - 0x00007fff0cbcb000 	C:\WINDOWS\SYSTEM32\OLEACC.dll
0x00007fff06cc0000 - 0x00007fff06edd000 	C:\Windows\System32\IME\IMEJP\imjpapi.dll
0x00007fff06c80000 - 0x00007fff06cc0000 	C:\Windows\System32\IME\shared\imjkapi.dll
0x00007fff15f10000 - 0x00007fff15f8f000 	C:\WINDOWS\SYSTEM32\policymanager.dll
0x00007fff15e70000 - 0x00007fff15f01000 	C:\WINDOWS\SYSTEM32\msvcp110_win.dll
0x00007fff06be0000 - 0x00007fff06c71000 	C:\Windows\System32\IME\IMEJP\imjppred.dll
0x00007fff06a80000 - 0x00007fff06bd6000 	C:\Windows\System32\IME\shared\imetip.dll
0x00007fff068d0000 - 0x00007fff06a7b000 	C:\WINDOWS\SYSTEM32\DUI70.dll
0x00007fff06890000 - 0x00007fff068cb000 	C:\Windows\System32\IME\shared\imecfm.dll
0x00007fff18240000 - 0x00007fff18301000 	C:\WINDOWS\SYSTEM32\wer.dll
0x00007fff06430000 - 0x00007fff0644f000 	C:\Windows\System32\IME\SHARED\imesearchdll.dll
0x00007fff113c0000 - 0x00007fff11589000 	C:\WINDOWS\SYSTEM32\dbghelp.dll

VM Arguments:
jvm_args: -Dfile.encoding=UTF-8 
java_command: ch.idsia.scenarios.TestQPlay
java_class_path (initial): C:\Users\alist\Documents\NetBeansProjects\MarioAI\lib\asm-all-3.3.jar;C:\Users\alist\Documents\NetBeansProjects\MarioAI\lib\jdom.jar;C:\Users\alist\Documents\NetBeansProjects\MarioAI\lib\junit-4.8.2.jar;C:\Program Files\NetBeans 8.2\platform\modules\ext\testng-6.8.1-dist.jar;C:\Users\alist\Documents\NetBeansProjects\MarioAI2011\build\classes
Launcher Type: SUN_STANDARD

Environment Variables:
JAVA_HOME=C:\Program Files\Java\jdk1.8.0_151
PATH=C:\ProgramData\Oracle\Java\javapath;C:\Program Files\Microsoft MPI\Bin\;C:\Program Files (x86)\Intel\iCLS Client\;C:\Program Files\Intel\iCLS Client\;C:\Windows\system32;C:\Windows;C:\Windows\System32\Wbem;C:\Windows\System32\WindowsPowerShell\v1.0\;C:\Program Files (x86)\Intel\Intel(R) Management Engine Components\DAL;C:\Program Files\Intel\Intel(R) Management Engine Components\DAL;C:\Program Files (x86)\Intel\Intel(R) Management Engine Components\IPT;C:\Program Files\Intel\Intel(R) Management Engine Components\IPT;C:\Program Files (x86)\NVIDIA Corporation\PhysX\Common;C:\Program Files\dotnet\;C:\WINDOWS\system32;C:\WINDOWS;C:\WINDOWS\System32\Wbem;C:\WINDOWS\System32\WindowsPowerShell\v1.0\;C:\WINDOWS\System32\OpenSSH\;C:\Users\alist\AppData\Local\Microsoft\WindowsApps;C:\Program Files\NetBeans 8.2\java\maven\bin;C:\Program Files\Java\jdk1.8.0_151\bin;C:\Program Files\Java\jre1.8.0_151\bin;
USERNAME=Teslar
OS=Windows_NT
PROCESSOR_IDENTIFIER=Intel64 Family 6 Model 158 Stepping 9, GenuineIntel



---------------  S Y S T E M  ---------------

OS: Windows 10.0 , 64 bit Build 17134 (10.0.17134.1)

CPU:total 8 (initial active 8) (4 cores per cpu, 2 threads per core) family 6 model 158 stepping 9, cmov, cx8, fxsr, mmx, sse, sse2, sse3, ssse3, sse4.1, sse4.2, popcnt, avx, avx2, aes, clmul, erms, rtm, 3dnowpref, lzcnt, ht, tsc, tscinvbit, bmi1, bmi2, adx

Memory: 4k page, physical 16724080k(9630172k free), swap 19214448k(9035856k free)

vm_info: Java HotSpot(TM) 64-Bit Server VM (25.151-b12) for windows-amd64 JRE (1.8.0_151-b12), built on Sep  5 2017 19:33:46 by "java_re" with MS VC++ 10.0 (VS2010)

time: Fri Oct 05 15:14:51 2018
elapsed time: 205 seconds (0d 0h 3m 25s)

